 Line Constants Program for the PSCAD V5
 Build: 2021.10.27
 (c)1995-2021 Manitoba Hydro International, Ltd.
 
 File Name:        C:\Users\pedis\Desktop\Papers\Qatar\Pscad\Resources\Cookbook_Chapter_01\AC_Fault_study_02.gf46\TL1.tli
 Segment length:   50000.000000 [m]
 Length Increment: 0.000000 [m]
 Steps:            1
 ====================================================================
 CURVE FITTING OUTPUT
 ====================================================================
 
 Fitting Characteristic Admittance Yc:
 ====================================================================
 Maximum Fitting Error Requested:                            1.0000 %
 Maximum Number of Poles:                                        20
 
 Yc:          Maximum          Number
              Fitting Error    of Poles
              --------------   --------
                  0.8512 %        4
 
 ====================================================================
 
 Fitting Propagation Function H:
 ====================================================================
 Maximum Fitting Error Requested:                            1.0000 %
 Maximum Number of Poles (per delay group):                      20
 
 --------------------------------------------------------------------
 Attempt #  1                               Target error:   25.0000 %
 --------------------------------------------------------------------
 Hmode:       Delay      Maximum          Number      Time
              Group #    Fitting Error    of Poles    Delay
              -------    -------------    --------    -----
                 1         17.83242 %        2         0.166820 ms
                 2          6.02108 %        2         0.169001 ms
 
 Hphase:      Maximum           Maximum       Maximum
              Fitting Error     RMS Error     Residue/Pole Ratio
              --------------    ----------    ------------------
                 12.4064 %        3.6608 %              0.59
 --------------------------------------------------------------------
 Attempt #  2                               Target error:   12.5000 %
 --------------------------------------------------------------------
 Hmode:       Delay      Maximum          Number      Time
              Group #    Fitting Error    of Poles    Delay
              -------    -------------    --------    -----
                 1          3.55107 %        3         0.166777 ms
                 2          6.02108 %        2         0.169001 ms
 
 Hphase:      Maximum           Maximum       Maximum
              Fitting Error     RMS Error     Residue/Pole Ratio
              --------------    ----------    ------------------
                  2.8078 %        0.9718 %              0.48
 --------------------------------------------------------------------
 Attempt #  3                               Target error:    6.2500 %
 --------------------------------------------------------------------
 Hmode:       Delay      Maximum          Number      Time
              Group #    Fitting Error    of Poles    Delay
              -------    -------------    --------    -----
                 1          3.55107 %        3         0.166777 ms
                 2          6.02108 %        2         0.169001 ms
 
 Hphase:      Maximum           Maximum       Maximum
              Fitting Error     RMS Error     Residue/Pole Ratio
              --------------    ----------    ------------------
                  2.8078 %        0.9718 %              0.48
 --------------------------------------------------------------------
 Attempt #  4                               Target error:    3.1250 %
 --------------------------------------------------------------------
 Hmode:       Delay      Maximum          Number      Time
              Group #    Fitting Error    of Poles    Delay
              -------    -------------    --------    -----
                 1          1.58523 %        4         0.166788 ms
                 2          0.53225 %        5         0.168008 ms
 
 Hphase:      Maximum           Maximum       Maximum
              Fitting Error     RMS Error     Residue/Pole Ratio
              --------------    ----------    ------------------
                  1.2371 %        0.2432 %              0.41
 --------------------------------------------------------------------
 Attempt #  5                               Target error:    1.5625 %
 --------------------------------------------------------------------
 Hmode:       Delay      Maximum          Number      Time
              Group #    Fitting Error    of Poles    Delay
              -------    -------------    --------    -----
                 1          0.58358 %        5         0.166797 ms
                 2          0.53225 %        5         0.168008 ms
 
 Hphase:      Maximum           Maximum       Maximum
              Fitting Error     RMS Error     Residue/Pole Ratio
              --------------    ----------    ------------------
                  0.2535 %        0.1204 %              0.37
 
 --------------------------------------------------------------------
 ====================================================================
 
 RXB:  0.178724047522E+01, 0.253881338028E+02, 0.163558972992E-03
 
 LCP solve constants complete.
0
